<?xml version="1.0" encoding="UTF-8"?>
<!-- Generated by org.testng.reporters.JUnitXMLReporter -->
<testsuite ignored="0" hostname="sf-cpu-729" failures="1" tests="1" name="Test" time="0.62" errors="0" timestamp="2022-06-10T15:20:47 IST">
  <testcase classname="MavenProjects.Logics.and.ObjectCalls.objectCalls" name="browser" time="0.561">
    <failure type="java.lang.NullPointerException" message="Cannot invoke &amp;quot;org.openqa.selenium.WebDriver.manage()&amp;quot; because &amp;quot;this.driver&amp;quot; is null">
      <![CDATA[java.lang.NullPointerException: Cannot invoke "org.openqa.selenium.WebDriver.manage()" because "this.driver" is null
at MavenProjects.Logics.and.ObjectCalls.container.openBrowser(container.java:36)
at MavenProjects.Logics.and.ObjectCalls.objectCalls.browser(objectCalls.java:25)
at java.base/java.util.ArrayList.forEach(ArrayList.java:1511)
... Removed 25 stack frames]]>
    </failure>
  </testcase> <!-- browser -->
</testsuite> <!-- Test -->
